  Application.cpp
  BitProcess.cpp
  Convert.cpp
c:\users\pc\repo\bignumber\bignumber\bignumber\src\convert.cpp(426): warning C4018: '<': signed/unsigned mismatch
  Qfloat.cpp
  Qint.cpp
  Utils.cpp
c:\users\pc\repo\bignumber\bignumber\bignumber\src\utils.cpp(429): warning C4018: '<': signed/unsigned mismatch
  main.cpp
  Generating Code...
c:\users\pc\repo\bignumber\bignumber\bignumber\src\main.cpp(29): warning C4715: 'StandardResult': not all control paths return a value
c:\users\pc\repo\bignumber\bignumber\bignumber\src\main.cpp(106): warning C4715: 'processOperator': not all control paths return a value
c:\users\pc\repo\bignumber\bignumber\bignumber\src\main.cpp(252): warning C4715: 'processQint': not all control paths return a value
Debug\Application.obj : warning LNK4042: object specified more than once; extras ignored
Debug\BitProcess.obj : warning LNK4042: object specified more than once; extras ignored
Debug\Convert.obj : warning LNK4042: object specified more than once; extras ignored
Debug\main.obj : warning LNK4042: object specified more than once; extras ignored
Debug\Qfloat.obj : warning LNK4042: object specified more than once; extras ignored
Debug\Qint.obj : warning LNK4042: object specified more than once; extras ignored
Debug\Utils.obj : warning LNK4042: object specified more than once; extras ignored
  Application.obj : MSIL .netmodule or module compiled with /GL found; restarting link with /LTCG; add /LTCG to the link command line to improve linker performance
LINK : warning LNK4075: ignoring '/INCREMENTAL' due to '/LTCG' specification
Debug\Application.obj : warning LNK4042: object specified more than once; extras ignored
Debug\BitProcess.obj : warning LNK4042: object specified more than once; extras ignored
Debug\Convert.obj : warning LNK4042: object specified more than once; extras ignored
Debug\main.obj : warning LNK4042: object specified more than once; extras ignored
Debug\Qfloat.obj : warning LNK4042: object specified more than once; extras ignored
Debug\Qint.obj : warning LNK4042: object specified more than once; extras ignored
Debug\Utils.obj : warning LNK4042: object specified more than once; extras ignored
BitProcess.obj : error LNK2038: mismatch detected for '_ITERATOR_DEBUG_LEVEL': value '0' doesn't match value '2' in BitProcess.obj
BitProcess.obj : error LNK2038: mismatch detected for 'RuntimeLibrary': value 'MD_DynamicRelease' doesn't match value 'MDd_DynamicDebug' in BitProcess.obj
BitProcess.obj : error LNK2005: "private: static class std::unique_ptr<class BitProcess,struct std::default_delete<class BitProcess> > BitProcess::m_pInstance" (?m_pInstance@BitProcess@@0V?$unique_ptr@VBitProcess@@U?$default_delete@VBitProcess@@@std@@@std@@A) already defined in BitProcess.obj
BitProcess.obj : error LNK2005: "public: static class std::unique_ptr<class BitProcess,struct std::default_delete<class BitProcess> > & __cdecl BitProcess::Instance(void)" (?Instance@BitProcess@@SAAAV?$unique_ptr@VBitProcess@@U?$default_delete@VBitProcess@@@std@@@std@@XZ) already defined in BitProcess.obj
BitProcess.obj : error LNK2005: "private: __thiscall BitProcess::BitProcess(void)" (??0BitProcess@@AAE@XZ) already defined in BitProcess.obj
BitProcess.obj : error LNK2005: "public: void __thiscall BitProcess::ShiftLeftTwoBits(class std::basic_string<char,struct std::char_traits<char>,class std::allocator<char> > &,class std::basic_string<char,struct std::char_traits<char>,class std::allocator<char> > &)" (?ShiftLeftTwoBits@BitProcess@@QAEXAAV?$basic_string@DU?$char_traits@D@std@@V?$allocator@D@2@@std@@0@Z) already defined in BitProcess.obj
BitProcess.obj : error LNK2005: "public: class std::basic_string<char,struct std::char_traits<char>,class std::allocator<char> > __thiscall BitProcess::DivideTwoBits(class std::basic_string<char,struct std::char_traits<char>,class std::allocator<char> >,class std::basic_string<char,struct std::char_traits<char>,class std::allocator<char> >)" (?DivideTwoBits@BitProcess@@QAE?AV?$basic_string@DU?$char_traits@D@std@@V?$allocator@D@2@@std@@V23@0@Z) already defined in BitProcess.obj
BitProcess.obj : error LNK2005: "public: void __thiscall BitProcess::ShiftRightThreeBits(class std::basic_string<char,struct std::char_traits<char>,class std::allocator<char> > &,class std::basic_string<char,struct std::char_traits<char>,class std::allocator<char> > &,char &)" (?ShiftRightThreeBits@BitProcess@@QAEXAAV?$basic_string@DU?$char_traits@D@std@@V?$allocator@D@2@@std@@0AAD@Z) already defined in BitProcess.obj
BitProcess.obj : error LNK2005: "public: class std::basic_string<char,struct std::char_traits<char>,class std::allocator<char> > __thiscall BitProcess::MultiplyTwoBits(class std::basic_string<char,struct std::char_traits<char>,class std::allocator<char> >,class std::basic_string<char,struct std::char_traits<char>,class std::allocator<char> >)" (?MultiplyTwoBits@BitProcess@@QAE?AV?$basic_string@DU?$char_traits@D@std@@V?$allocator@D@2@@std@@V23@0@Z) already defined in BitProcess.obj
BitProcess.obj : error LNK2005: "public: class std::basic_string<char,struct std::char_traits<char>,class std::allocator<char> > __thiscall BitProcess::SubtractTwoBits(class std::basic_string<char,struct std::char_traits<char>,class std::allocator<char> >,class std::basic_string<char,struct std::char_traits<char>,class std::allocator<char> >)" (?SubtractTwoBits@BitProcess@@QAE?AV?$basic_string@DU?$char_traits@D@std@@V?$allocator@D@2@@std@@V23@0@Z) already defined in BitProcess.obj
BitProcess.obj : error LNK2005: "public: class std::basic_string<char,struct std::char_traits<char>,class std::allocator<char> > __thiscall BitProcess::AddTwoBits(class std::basic_string<char,struct std::char_traits<char>,class std::allocator<char> >,class std::basic_string<char,struct std::char_traits<char>,class std::allocator<char> >)" (?AddTwoBits@BitProcess@@QAE?AV?$basic_string@DU?$char_traits@D@std@@V?$allocator@D@2@@std@@V23@0@Z) already defined in BitProcess.obj
BitProcess.obj : error LNK2005: "public: void __thiscall BitProcess::ReverseBits(class std::basic_string<char,struct std::char_traits<char>,class std::allocator<char> > &)" (?ReverseBits@BitProcess@@QAEXAAV?$basic_string@DU?$char_traits@D@std@@V?$allocator@D@2@@std@@@Z) already defined in BitProcess.obj
BitProcess.obj : error LNK2005: "public: void __thiscall BitProcess::SetBit(unsigned char * const,class std::basic_string<char,struct std::char_traits<char>,class std::allocator<char> >)" (?SetBit@BitProcess@@QAEXQAEV?$basic_string@DU?$char_traits@D@std@@V?$allocator@D@2@@std@@@Z) already defined in BitProcess.obj
BitProcess.obj : error LNK2005: "public: class std::basic_string<char,struct std::char_traits<char>,class std::allocator<char> > __thiscall BitProcess::GetBit(unsigned char const * const)" (?GetBit@BitProcess@@QAE?AV?$basic_string@DU?$char_traits@D@std@@V?$allocator@D@2@@std@@QBE@Z) already defined in BitProcess.obj
BitProcess.obj : error LNK2005: "public: void __thiscall BitProcess::StandardBits(class std::basic_string<char,struct std::char_traits<char>,class std::allocator<char> > &,unsigned int const &)" (?StandardBits@BitProcess@@QAEXAAV?$basic_string@DU?$char_traits@D@std@@V?$allocator@D@2@@std@@ABI@Z) already defined in BitProcess.obj
BitProcess.obj : error LNK2005: "private: void __thiscall BitProcess::SetBitZero(unsigned char &,unsigned int const &)" (?SetBitZero@BitProcess@@AAEXAAEABI@Z) already defined in BitProcess.obj
BitProcess.obj : error LNK2005: "private: void __thiscall BitProcess::SetBitOne(unsigned char &,unsigned int const &)" (?SetBitOne@BitProcess@@AAEXAAEABI@Z) already defined in BitProcess.obj
BitProcess.obj : error LNK2005: "private: bool __thiscall BitProcess::GetBit(unsigned char,unsigned int const &)" (?GetBit@BitProcess@@AAE_NEABI@Z) already defined in BitProcess.obj
Convert.obj : error LNK2038: mismatch detected for '_ITERATOR_DEBUG_LEVEL': value '0' doesn't match value '2' in BitProcess.obj
Convert.obj : error LNK2038: mismatch detected for 'RuntimeLibrary': value 'MD_DynamicRelease' doesn't match value 'MDd_DynamicDebug' in BitProcess.obj
Convert.obj : error LNK2005: "private: static class std::unique_ptr<class Convert,struct std::default_delete<class Convert> > Convert::m_pInstance" (?m_pInstance@Convert@@0V?$unique_ptr@VConvert@@U?$default_delete@VConvert@@@std@@@std@@A) already defined in Convert.obj
Convert.obj : error LNK2005: "public: static class std::unique_ptr<class Convert,struct std::default_delete<class Convert> > & __cdecl Convert::Instance(void)" (?Instance@Convert@@SAAAV?$unique_ptr@VConvert@@U?$default_delete@VConvert@@@std@@@std@@XZ) already defined in Convert.obj
Convert.obj : error LNK2005: "private: __thiscall Convert::Convert(void)" (??0Convert@@AAE@XZ) already defined in Convert.obj
Convert.obj : error LNK2005: "public: class std::basic_string<char,struct std::char_traits<char>,class std::allocator<char> > __thiscall Convert::ConvertBinToHex(class std::basic_string<char,struct std::char_traits<char>,class std::allocator<char> >)" (?ConvertBinToHex@Convert@@QAE?AV?$basic_string@DU?$char_traits@D@std@@V?$allocator@D@2@@std@@V23@@Z) already defined in Convert.obj
Convert.obj : error LNK2005: "public: class std::basic_string<char,struct std::char_traits<char>,class std::allocator<char> > __thiscall Convert::ConvertHexToBin(class std::basic_string<char,struct std::char_traits<char>,class std::allocator<char> >)" (?ConvertHexToBin@Convert@@QAE?AV?$basic_string@DU?$char_traits@D@std@@V?$allocator@D@2@@std@@V23@@Z) already defined in Convert.obj
Convert.obj : error LNK2005: "public: void __thiscall Convert::ConvertBitsToTwoComplement(class std::basic_string<char,struct std::char_traits<char>,class std::allocator<char> > &,bool)" (?ConvertBitsToTwoComplement@Convert@@QAEXAAV?$basic_string@DU?$char_traits@D@std@@V?$allocator@D@2@@std@@_N@Z) already defined in Convert.obj
Convert.obj : error LNK2005: "private: class std::basic_string<char,struct std::char_traits<char>,class std::allocator<char> > __thiscall Convert::ConvertBinPartToFloatString(class std::basic_string<char,struct std::char_traits<char>,class std::allocator<char> >,unsigned int const &)" (?ConvertBinPartToFloatString@Convert@@AAE?AV?$basic_string@DU?$char_traits@D@std@@V?$allocator@D@2@@std@@V23@ABI@Z) already defined in Convert.obj
Convert.obj : error LNK2005: "public: class std::basic_string<char,struct std::char_traits<char>,class std::allocator<char> > __thiscall Convert::ConvertBinToFloatString(class std::basic_string<char,struct std::char_traits<char>,class std::allocator<char> >)" (?ConvertBinToFloatString@Convert@@QAE?AV?$basic_string@DU?$char_traits@D@std@@V?$allocator@D@2@@std@@V23@@Z) already defined in Convert.obj
Convert.obj : error LNK2005: "public: class std::basic_string<char,struct std::char_traits<char>,class std::allocator<char> > __thiscall Convert::ConvertFloatStringToBin(class std::basic_string<char,struct std::char_traits<char>,class std::allocator<char> >)" (?ConvertFloatStringToBin@Convert@@QAE?AV?$basic_string@DU?$char_traits@D@std@@V?$allocator@D@2@@std@@V23@@Z) already defined in Convert.obj
Convert.obj : error LNK2005: "private: class std::basic_string<char,struct std::char_traits<char>,class std::allocator<char> > __thiscall Convert::ConvertDecPartToBin(class std::basic_string<char,struct std::char_traits<char>,class std::allocator<char> >,unsigned int &,bool const &)" (?ConvertDecPartToBin@Convert@@AAE?AV?$basic_string@DU?$char_traits@D@std@@V?$allocator@D@2@@std@@V23@AAIAB_N@Z) already defined in Convert.obj
Convert.obj : error LNK2005: "public: class std::basic_string<char,struct std::char_traits<char>,class std::allocator<char> > __thiscall Convert::ConvertBinToIntString(class std::basic_string<char,struct std::char_traits<char>,class std::allocator<char> >)" (?ConvertBinToIntString@Convert@@QAE?AV?$basic_string@DU?$char_traits@D@std@@V?$allocator@D@2@@std@@V23@@Z) already defined in Convert.obj
Convert.obj : error LNK2005: "public: class std::basic_string<char,struct std::char_traits<char>,class std::allocator<char> > __thiscall Convert::CovertIntStringToBin(class std::basic_string<char,struct std::char_traits<char>,class std::allocator<char> >,unsigned int)" (?CovertIntStringToBin@Convert@@QAE?AV?$basic_string@DU?$char_traits@D@std@@V?$allocator@D@2@@std@@V23@I@Z) already defined in Convert.obj
main.obj : error LNK2038: mismatch detected for '_ITERATOR_DEBUG_LEVEL': value '0' doesn't match value '2' in BitProcess.obj
main.obj : error LNK2038: mismatch detected for 'RuntimeLibrary': value 'MD_DynamicRelease' doesn't match value 'MDd_DynamicDebug' in BitProcess.obj
main.obj : error LNK2005: _main already defined in main.obj
main.obj : error LNK2005: "class std::basic_string<char,struct std::char_traits<char>,class std::allocator<char> > __cdecl processQfloat(class std::basic_string<char,struct std::char_traits<char>,class std::allocator<char> >)" (?processQfloat@@YA?AV?$basic_string@DU?$char_traits@D@std@@V?$allocator@D@2@@std@@V12@@Z) already defined in main.obj
main.obj : error LNK2005: "class std::basic_string<char,struct std::char_traits<char>,class std::allocator<char> > __cdecl processQint(class std::basic_string<char,struct std::char_traits<char>,class std::allocator<char> >)" (?processQint@@YA?AV?$basic_string@DU?$char_traits@D@std@@V?$allocator@D@2@@std@@V12@@Z) already defined in main.obj
main.obj : error LNK2005: "class std::basic_string<char,struct std::char_traits<char>,class std::allocator<char> > __cdecl processOperator(class Qint,class Qint,class std::basic_string<char,struct std::char_traits<char>,class std::allocator<char> >,class std::basic_string<char,struct std::char_traits<char>,class std::allocator<char> >,int)" (?processOperator@@YA?AV?$basic_string@DU?$char_traits@D@std@@V?$allocator@D@2@@std@@VQint@@0V12@1H@Z) already defined in main.obj
main.obj : error LNK2005: "class std::basic_string<char,struct std::char_traits<char>,class std::allocator<char> > __cdecl StandardResult(class Qint,int)" (?StandardResult@@YA?AV?$basic_string@DU?$char_traits@D@std@@V?$allocator@D@2@@std@@VQint@@H@Z) already defined in main.obj
Qfloat.obj : error LNK2038: mismatch detected for '_ITERATOR_DEBUG_LEVEL': value '0' doesn't match value '2' in BitProcess.obj
Qfloat.obj : error LNK2038: mismatch detected for 'RuntimeLibrary': value 'MD_DynamicRelease' doesn't match value 'MDd_DynamicDebug' in BitProcess.obj
Qfloat.obj : error LNK2005: "class std::basic_istream<char,struct std::char_traits<char> > & __cdecl operator>>(class std::basic_istream<char,struct std::char_traits<char> > &,class Qfloat &)" (??5@YAAAV?$basic_istream@DU?$char_traits@D@std@@@std@@AAV01@AAVQfloat@@@Z) already defined in Qfloat.obj
Qfloat.obj : error LNK2005: "class std::basic_ostream<char,struct std::char_traits<char> > & __cdecl operator<<(class std::basic_ostream<char,struct std::char_traits<char> > &,class Qfloat const &)" (??6@YAAAV?$basic_ostream@DU?$char_traits@D@std@@@std@@AAV01@ABVQfloat@@@Z) already defined in Qfloat.obj
Qfloat.obj : error LNK2005: "public: class std::basic_string<char,struct std::char_traits<char>,class std::allocator<char> > __thiscall Qfloat::ToString(void)const " (?ToString@Qfloat@@QBE?AV?$basic_string@DU?$char_traits@D@std@@V?$allocator@D@2@@std@@XZ) already defined in Qfloat.obj
Qfloat.obj : error LNK2005: "public: static class Qfloat __cdecl Qfloat::BinToDec(class std::basic_string<char,struct std::char_traits<char>,class std::allocator<char> >)" (?BinToDec@Qfloat@@SA?AV1@V?$basic_string@DU?$char_traits@D@std@@V?$allocator@D@2@@std@@@Z) already defined in Qfloat.obj
Qfloat.obj : error LNK2005: "public: class std::basic_string<char,struct std::char_traits<char>,class std::allocator<char> > __thiscall Qfloat::DecToBin(bool)const " (?DecToBin@Qfloat@@QBE?AV?$basic_string@DU?$char_traits@D@std@@V?$allocator@D@2@@std@@_N@Z) already defined in Qfloat.obj
Qfloat.obj : error LNK2005: "public: bool * __thiscall Qfloat::DecToBin(class Qfloat const &)const " (?DecToBin@Qfloat@@QBEPA_NABV1@@Z) already defined in Qfloat.obj
Qfloat.obj : error LNK2005: "public: void __thiscall Qfloat::PrintQfloat(void)const " (?PrintQfloat@Qfloat@@QBEXXZ) already defined in Qfloat.obj
Qfloat.obj : error LNK2005: "public: void __thiscall Qfloat::ScanQfloat(class std::basic_string<char,struct std::char_traits<char>,class std::allocator<char> >)" (?ScanQfloat@Qfloat@@QAEXV?$basic_string@DU?$char_traits@D@std@@V?$allocator@D@2@@std@@@Z) already defined in Qfloat.obj
Qfloat.obj : error LNK2005: "public: __thiscall Qfloat::~Qfloat(void)" (??1Qfloat@@QAE@XZ) already defined in Qfloat.obj
Qfloat.obj : error LNK2005: "public: __thiscall Qfloat::Qfloat(class std::basic_string<char,struct std::char_traits<char>,class std::allocator<char> >,bool const &)" (??0Qfloat@@QAE@V?$basic_string@DU?$char_traits@D@std@@V?$allocator@D@2@@std@@AB_N@Z) already defined in Qfloat.obj
Qfloat.obj : error LNK2005: "public: __thiscall Qfloat::Qfloat(void)" (??0Qfloat@@QAE@XZ) already defined in Qfloat.obj
Qint.obj : error LNK2038: mismatch detected for '_ITERATOR_DEBUG_LEVEL': value '0' doesn't match value '2' in BitProcess.obj
Qint.obj : error LNK2038: mismatch detected for 'RuntimeLibrary': value 'MD_DynamicRelease' doesn't match value 'MDd_DynamicDebug' in BitProcess.obj
Qint.obj : error LNK2005: "public: class Qint & __thiscall Qint::operator=(class Qint const &)" (??4Qint@@QAEAAV0@ABV0@@Z) already defined in Qint.obj
Qint.obj : error LNK2005: "class std::basic_istream<char,struct std::char_traits<char> > & __cdecl operator>>(class std::basic_istream<char,struct std::char_traits<char> > &,class Qint &)" (??5@YAAAV?$basic_istream@DU?$char_traits@D@std@@@std@@AAV01@AAVQint@@@Z) already defined in Qint.obj
Qint.obj : error LNK2005: "class std::basic_ostream<char,struct std::char_traits<char> > & __cdecl operator<<(class std::basic_ostream<char,struct std::char_traits<char> > &,class Qint const &)" (??6@YAAAV?$basic_ostream@DU?$char_traits@D@std@@@std@@AAV01@ABVQint@@@Z) already defined in Qint.obj
Qint.obj : error LNK2005: "public: class Qint __thiscall Qint::operator~(void)" (??SQint@@QAE?AV0@XZ) already defined in Qint.obj
Qint.obj : error LNK2005: "public: class Qint __thiscall Qint::operator^(class Qint const &)const " (??TQint@@QBE?AV0@ABV0@@Z) already defined in Qint.obj
Qint.obj : error LNK2005: "public: class Qint __thiscall Qint::operator|(class Qint const &)const " (??UQint@@QBE?AV0@ABV0@@Z) already defined in Qint.obj
Qint.obj : error LNK2005: "public: class Qint __thiscall Qint::operator&(class Qint const &)const " (??IQint@@QBE?AV0@ABV0@@Z) already defined in Qint.obj
Qint.obj : error LNK2005: "public: class Qint __thiscall Qint::ror(int)" (?ror@Qint@@QAE?AV1@H@Z) already defined in Qint.obj
Qint.obj : error LNK2005: "public: class Qint __thiscall Qint::rol(int)" (?rol@Qint@@QAE?AV1@H@Z) already defined in Qint.obj
Qint.obj : error LNK2005: "public: class Qint __thiscall Qint::operator>>(int)" (??5Qint@@QAE?AV0@H@Z) already defined in Qint.obj
Qint.obj : error LNK2005: "public: class Qint __thiscall Qint::operator<<(int)" (??6Qint@@QAE?AV0@H@Z) already defined in Qint.obj
Qint.obj : error LNK2005: "public: bool const __thiscall Qint::operator<=(class Qint const &)const " (??NQint@@QBE?B_NABV0@@Z) already defined in Qint.obj
Qint.obj : error LNK2005: "public: bool const __thiscall Qint::operator<(class Qint const &)const " (??MQint@@QBE?B_NABV0@@Z) already defined in Qint.obj
Qint.obj : error LNK2005: "public: bool const __thiscall Qint::operator>=(class Qint const &)const " (??PQint@@QBE?B_NABV0@@Z) already defined in Qint.obj
Qint.obj : error LNK2005: "public: bool const __thiscall Qint::operator>(class Qint const &)const " (??OQint@@QBE?B_NABV0@@Z) already defined in Qint.obj
Qint.obj : error LNK2005: "public: bool const __thiscall Qint::operator!=(class Qint const &)const " (??9Qint@@QBE?B_NABV0@@Z) already defined in Qint.obj
Qint.obj : error LNK2005: "public: bool const __thiscall Qint::operator==(class Qint const &)const " (??8Qint@@QBE?B_NABV0@@Z) already defined in Qint.obj
Qint.obj : error LNK2005: "public: class Qint __thiscall Qint::operator--(int)" (??FQint@@QAE?AV0@H@Z) already defined in Qint.obj
Qint.obj : error LNK2005: "public: class Qint & __thiscall Qint::operator--(void)" (??FQint@@QAEAAV0@XZ) already defined in Qint.obj
Qint.obj : error LNK2005: "public: class Qint __thiscall Qint::operator++(int)" (??EQint@@QAE?AV0@H@Z) already defined in Qint.obj
Qint.obj : error LNK2005: "public: class Qint & __thiscall Qint::operator++(void)" (??EQint@@QAEAAV0@XZ) already defined in Qint.obj
Qint.obj : error LNK2005: "public: class Qint & __thiscall Qint::operator=(class std::basic_string<char,struct std::char_traits<char>,class std::allocator<char> > const &)" (??4Qint@@QAEAAV0@ABV?$basic_string@DU?$char_traits@D@std@@V?$allocator@D@2@@std@@@Z) already defined in Qint.obj
Qint.obj : error LNK2005: "public: class Qint __thiscall Qint::operator/(class Qint const &)const " (??KQint@@QBE?AV0@ABV0@@Z) already defined in Qint.obj
Qint.obj : error LNK2005: "public: class Qint __thiscall Qint::operator*(class Qint const &)const " (??DQint@@QBE?AV0@ABV0@@Z) already defined in Qint.obj
Qint.obj : error LNK2005: "public: class Qint __thiscall Qint::operator-(class Qint const &)const " (??GQint@@QBE?AV0@ABV0@@Z) already defined in Qint.obj
Qint.obj : error LNK2005: "public: class Qint __thiscall Qint::operator+(class Qint const &)const " (??HQint@@QBE?AV0@ABV0@@Z) already defined in Qint.obj
Qint.obj : error LNK2005: "public: class std::basic_string<char,struct std::char_traits<char>,class std::allocator<char> > __thiscall Qint::DecToHex(void)const " (?DecToHex@Qint@@QBE?AV?$basic_string@DU?$char_traits@D@std@@V?$allocator@D@2@@std@@XZ) already defined in Qint.obj
Qint.obj : error LNK2005: "public: static class Qint __cdecl Qint::HexToDec(class std::basic_string<char,struct std::char_traits<char>,class std::allocator<char> >)" (?HexToDec@Qint@@SA?AV1@V?$basic_string@DU?$char_traits@D@std@@V?$allocator@D@2@@std@@@Z) already defined in Qint.obj
Qint.obj : error LNK2005: "public: static class Qint __cdecl Qint::BinToDec(class std::basic_string<char,struct std::char_traits<char>,class std::allocator<char> >)" (?BinToDec@Qint@@SA?AV1@V?$basic_string@DU?$char_traits@D@std@@V?$allocator@D@2@@std@@@Z) already defined in Qint.obj
Qint.obj : error LNK2005: "public: class std::basic_string<char,struct std::char_traits<char>,class std::allocator<char> > __thiscall Qint::DecToBin(bool)const " (?DecToBin@Qint@@QBE?AV?$basic_string@DU?$char_traits@D@std@@V?$allocator@D@2@@std@@_N@Z) already defined in Qint.obj
Qint.obj : error LNK2005: "public: bool * __thiscall Qint::DecToBin(void)const " (?DecToBin@Qint@@QBEPA_NXZ) already defined in Qint.obj
Qint.obj : error LNK2005: "public: void __thiscall Qint::PrintQInt(void)const " (?PrintQInt@Qint@@QBEXXZ) already defined in Qint.obj
Qint.obj : error LNK2005: "public: void __thiscall Qint::ScanQInt(class std::basic_string<char,struct std::char_traits<char>,class std::allocator<char> >)" (?ScanQInt@Qint@@QAEXV?$basic_string@DU?$char_traits@D@std@@V?$allocator@D@2@@std@@@Z) already defined in Qint.obj
Qint.obj : error LNK2005: "public: class std::basic_string<char,struct std::char_traits<char>,class std::allocator<char> > __thiscall Qint::ToString(void)const " (?ToString@Qint@@QBE?AV?$basic_string@DU?$char_traits@D@std@@V?$allocator@D@2@@std@@XZ) already defined in Qint.obj
Qint.obj : error LNK2005: "public: __thiscall Qint::~Qint(void)" (??1Qint@@QAE@XZ) already defined in Qint.obj
Qint.obj : error LNK2005: "public: __thiscall Qint::Qint(class Qint const &)" (??0Qint@@QAE@ABV0@@Z) already defined in Qint.obj
Qint.obj : error LNK2005: "public: __thiscall Qint::Qint(class std::basic_string<char,struct std::char_traits<char>,class std::allocator<char> >,bool const &)" (??0Qint@@QAE@V?$basic_string@DU?$char_traits@D@std@@V?$allocator@D@2@@std@@AB_N@Z) already defined in Qint.obj
Qint.obj : error LNK2005: "public: __thiscall Qint::Qint(void)" (??0Qint@@QAE@XZ) already defined in Qint.obj
Utils.obj : error LNK2038: mismatch detected for '_ITERATOR_DEBUG_LEVEL': value '0' doesn't match value '2' in BitProcess.obj
Utils.obj : error LNK2038: mismatch detected for 'RuntimeLibrary': value 'MD_DynamicRelease' doesn't match value 'MDd_DynamicDebug' in BitProcess.obj
Utils.obj : error LNK2005: "private: static class std::unique_ptr<class Utils,struct std::default_delete<class Utils> > Utils::m_pInstance" (?m_pInstance@Utils@@0V?$unique_ptr@VUtils@@U?$default_delete@VUtils@@@std@@@std@@A) already defined in Utils.obj
Utils.obj : error LNK2005: "private: __thiscall Utils::Utils(void)" (??0Utils@@AAE@XZ) already defined in Utils.obj
Utils.obj : error LNK2005: "public: class std::basic_string<char,struct std::char_traits<char>,class std::allocator<char> > __thiscall Utils::FindMaxNumString(class std::basic_string<char,struct std::char_traits<char>,class std::allocator<char> >,class std::basic_string<char,struct std::char_traits<char>,class std::allocator<char> >)" (?FindMaxNumString@Utils@@QAE?AV?$basic_string@DU?$char_traits@D@std@@V?$allocator@D@2@@std@@V23@0@Z) already defined in Utils.obj
Utils.obj : error LNK2005: "public: void __thiscall Utils::StandardFileName(class std::basic_string<char,struct std::char_traits<char>,class std::allocator<char> > &)" (?StandardFileName@Utils@@QAEXAAV?$basic_string@DU?$char_traits@D@std@@V?$allocator@D@2@@std@@@Z) already defined in Utils.obj
Utils.obj : error LNK2005: "public: void __thiscall Utils::WriteFile(class std::basic_string<char,struct std::char_traits<char>,class std::allocator<char> >,class std::vector<class std::basic_string<char,struct std::char_traits<char>,class std::allocator<char> >,class std::allocator<class std::basic_string<char,struct std::char_traits<char>,class std::allocator<char> > > >)" (?WriteFile@Utils@@QAEXV?$basic_string@DU?$char_traits@D@std@@V?$allocator@D@2@@std@@V?$vector@V?$basic_string@DU?$char_traits@D@std@@V?$allocator@D@2@@std@@V?$allocator@V?$basic_string@DU?$char_traits@D@std@@V?$allocator@D@2@@std@@@2@@3@@Z) already defined in Utils.obj
Utils.obj : error LNK2005: "public: static class std::vector<class std::basic_string<char,struct std::char_traits<char>,class std::allocator<char> >,class std::allocator<class std::basic_string<char,struct std::char_traits<char>,class std::allocator<char> > > > __cdecl Utils::ReadFile(class std::basic_string<char,struct std::char_traits<char>,class std::allocator<char> >)" (?ReadFile@Utils@@SA?AV?$vector@V?$basic_string@DU?$char_traits@D@std@@V?$allocator@D@2@@std@@V?$allocator@V?$basic_string@DU?$char_traits@D@std@@V?$allocator@D@2@@std@@@2@@std@@V?$basic_string@DU?$char_traits@D@std@@V?$allocator@D@2@@3@@Z) already defined in Utils.obj
Utils.obj : error LNK2005: "public: class std::basic_string<char,struct std::char_traits<char>,class std::allocator<char> > __thiscall Utils::MultiplyNumberWithTwo(class std::basic_string<char,struct std::char_traits<char>,class std::allocator<char> >)" (?MultiplyNumberWithTwo@Utils@@QAE?AV?$basic_string@DU?$char_traits@D@std@@V?$allocator@D@2@@std@@V23@@Z) already defined in Utils.obj
Utils.obj : error LNK2005: "public: class std::basic_string<char,struct std::char_traits<char>,class std::allocator<char> > __thiscall Utils::SubtractTwoSNumString(class std::basic_string<char,struct std::char_traits<char>,class std::allocator<char> >,class std::basic_string<char,struct std::char_traits<char>,class std::allocator<char> >)" (?SubtractTwoSNumString@Utils@@QAE?AV?$basic_string@DU?$char_traits@D@std@@V?$allocator@D@2@@std@@V23@0@Z) already defined in Utils.obj
Utils.obj : error LNK2005: "public: class std::basic_string<char,struct std::char_traits<char>,class std::allocator<char> > __thiscall Utils::AddTwoDecWithPoint(class std::basic_string<char,struct std::char_traits<char>,class std::allocator<char> >,class std::basic_string<char,struct std::char_traits<char>,class std::allocator<char> >)" (?AddTwoDecWithPoint@Utils@@QAE?AV?$basic_string@DU?$char_traits@D@std@@V?$allocator@D@2@@std@@V23@0@Z) already defined in Utils.obj
Utils.obj : error LNK2005: "public: class std::basic_string<char,struct std::char_traits<char>,class std::allocator<char> > __thiscall Utils::NegativePowTwo(unsigned int)" (?NegativePowTwo@Utils@@QAE?AV?$basic_string@DU?$char_traits@D@std@@V?$allocator@D@2@@std@@I@Z) already defined in Utils.obj
Utils.obj : error LNK2005: "public: class std::basic_string<char,struct std::char_traits<char>,class std::allocator<char> > __thiscall Utils::PowOneDigit(int,int)" (?PowOneDigit@Utils@@QAE?AV?$basic_string@DU?$char_traits@D@std@@V?$allocator@D@2@@std@@HH@Z) already defined in Utils.obj
Utils.obj : error LNK2005: "public: class std::basic_string<char,struct std::char_traits<char>,class std::allocator<char> > __thiscall Utils::MultiplyNumString(class std::basic_string<char,struct std::char_traits<char>,class std::allocator<char> >,class std::basic_string<char,struct std::char_traits<char>,class std::allocator<char> >)" (?MultiplyNumString@Utils@@QAE?AV?$basic_string@DU?$char_traits@D@std@@V?$allocator@D@2@@std@@V23@0@Z) already defined in Utils.obj
Utils.obj : error LNK2005: "public: class std::basic_string<char,struct std::char_traits<char>,class std::allocator<char> > __thiscall Utils::MultiplyNumStringWithOneDigit(class std::basic_string<char,struct std::char_traits<char>,class std::allocator<char> >,int)" (?MultiplyNumStringWithOneDigit@Utils@@QAE?AV?$basic_string@DU?$char_traits@D@std@@V?$allocator@D@2@@std@@V23@H@Z) already defined in Utils.obj
Utils.obj : error LNK2005: "public: class std::basic_string<char,struct std::char_traits<char>,class std::allocator<char> > __thiscall Utils::DivideNumStringForTwo(class std::basic_string<char,struct std::char_traits<char>,class std::allocator<char> >)" (?DivideNumStringForTwo@Utils@@QAE?AV?$basic_string@DU?$char_traits@D@std@@V?$allocator@D@2@@std@@V23@@Z) already defined in Utils.obj
Utils.obj : error LNK2005: "public: class std::basic_string<char,struct std::char_traits<char>,class std::allocator<char> > __thiscall Utils::AddTwoIntString(class std::basic_string<char,struct std::char_traits<char>,class std::allocator<char> >,class std::basic_string<char,struct std::char_traits<char>,class std::allocator<char> >)" (?AddTwoIntString@Utils@@QAE?AV?$basic_string@DU?$char_traits@D@std@@V?$allocator@D@2@@std@@V23@0@Z) already defined in Utils.obj
Utils.obj : error LNK2005: "public: static class std::unique_ptr<class Utils,struct std::default_delete<class Utils> > & __cdecl Utils::Instance(void)" (?Instance@Utils@@SAAAV?$unique_ptr@VUtils@@U?$default_delete@VUtils@@@std@@@std@@XZ) already defined in Utils.obj
LINK : warning LNK4098: defaultlib 'MSVCRT' conflicts with use of other libs; use /NODEFAULTLIB:library
C:\Users\pc\Repo\BigNumber\BigNumber\Debug\BigNumber.exe : fatal error LNK1169: one or more multiply defined symbols found
